add_team: SUCCESS
add_team: SUCCESS
add_player: SUCCESS
add_player: SUCCESS
add_player: SUCCESS
add_player: SUCCESS
add_player: SUCCESS
add_player: SUCCESS
add_player: SUCCESS
get_partial_spirit: SUCCESS, 4,1,2,3,5
add_player: SUCCESS
buy_team: INVALID_INPUT
add_player: SUCCESS
buy_team: SUCCESS
buy_team: INVALID_INPUT
buy_team: INVALID_INPUT
add_player: SUCCESS
get_partial_spirit: SUCCESS, 5,4,3,2,1
get_partial_spirit: SUCCESS, 4,5,2,1,3
add_player: SUCCESS
get_partial_spirit: SUCCESS, 2,4,1,3,5
buy_team: FAILURE
buy_team: FAILURE
get_partial_spirit: SUCCESS, 4,1,3,2,5
add_player: FAILURE
get_partial_spirit: SUCCESS, 5,4,3,2,1
buy_team: INVALID_INPUT
add_player: SUCCESS
add_player: FAILURE
buy_team: INVALID_INPUT
get_partial_spirit: SUCCESS, 2,5,4,3,1
get_partial_spirit: SUCCESS, 4,1,2,5,3
add_player: FAILURE
buy_team: FAILURE
add_player: FAILURE
add_player: SUCCESS
